*** Starting uWSGI 2.0.20 (32bit) on [Tue Jun 28 17:38:45 2022] ***
compiled with version: 8.3.0 on 06 October 2021 05:59:48
os: Linux-5.10.103-v7+ #1529 SMP Tue Mar 8 12:21:37 GMT 2022
nodename: bryansastrophotodotcom
machine: armv7l
clock source: unix
pcre jit disabled
detected number of CPU cores: 4
current working directory: /home/pi
detected binary path: /home/pi/.local/bin/uwsgi
*** WARNING: you are running uWSGI without its master process manager ***
your processes number limit is 6865
your memory page size is 4096 bytes
detected max file descriptor number: 1024
*** starting uWSGI Emperor ***
*** has_emperor mode detected (fd: 6) ***
[uWSGI] getting INI configuration from bryansapdotcom_uwsgi.ini
*** Starting uWSGI 2.0.20 (32bit) on [Tue Jun 28 17:38:45 2022] ***
compiled with version: 8.3.0 on 06 October 2021 05:59:48
os: Linux-5.10.103-v7+ #1529 SMP Tue Mar 8 12:21:37 GMT 2022
nodename: bryansastrophotodotcom
machine: armv7l
clock source: unix
pcre jit disabled
detected number of CPU cores: 4
current working directory: /etc/uwsgi/vassals
detected binary path: /home/pi/.local/bin/uwsgi
chdir() to /home/pi/bryansapdotcom
your processes number limit is 6865
your memory page size is 4096 bytes
detected max file descriptor number: 1024
lock engine: pthread robust mutexes
thunder lock: disabled (you can enable it with --thunder-lock)
uwsgi socket 0 bound to UNIX address /home/pi/bryansapdotcom/bryansapdotcom.sock fd 3
Python version: 3.7.3 (default, Jan 22 2021, 20:04:44)  [GCC 8.3.0]
*** Python threads support is disabled. You can enable it with --enable-threads ***
Python main interpreter initialized at 0xadcdd8
your server socket listen backlog is limited to 100 connections
your mercy for graceful operations on workers is 60 seconds
mapped 708488 bytes (691 KB) for 10 cores
*** Operational MODE: preforking ***
WSGI app 0 (mountpoint='') ready in 4 seconds on interpreter 0xadcdd8 pid: 805 (default app)
*** uWSGI is running in multiple interpreter mode ***
spawned uWSGI master process (pid: 805)
Tue Jun 28 17:38:50 2022 - [emperor] vassal bryansapdotcom_uwsgi.ini has been spawned
spawned uWSGI worker 1 (pid: 806, cores: 1)
spawned uWSGI worker 2 (pid: 807, cores: 1)
Tue Jun 28 17:38:50 2022 - [emperor] vassal bryansapdotcom_uwsgi.ini is ready to accept requests
spawned uWSGI worker 3 (pid: 808, cores: 1)
spawned uWSGI worker 4 (pid: 809, cores: 1)
spawned uWSGI worker 5 (pid: 810, cores: 1)
spawned uWSGI worker 6 (pid: 811, cores: 1)
spawned uWSGI worker 7 (pid: 812, cores: 1)
spawned uWSGI worker 8 (pid: 813, cores: 1)
spawned uWSGI worker 9 (pid: 814, cores: 1)
spawned uWSGI worker 10 (pid: 815, cores: 1)
[pid: 810|app: 0|req: 1/1] 192.168.1.254 () {54 vars in 956 bytes} [Tue Jun 28 18:38:50 2022] GET / => generated 2884 bytes in 351 msecs (HTTP/1.1 200) 6 headers in 240 bytes (1 switches on core 0)
announcing my loyalty to the Emperor...
Tue Jun 28 17:38:50 2022 - [emperor] vassal bryansapdotcom_uwsgi.ini is now loyal
[pid: 811|app: 0|req: 1/2] 192.168.1.254 () {54 vars in 956 bytes} [Tue Jun 28 18:38:57 2022] GET / => generated 2884 bytes in 317 msecs (HTTP/1.1 200) 6 headers in 240 bytes (1 switches on core 0)
announcing my loyalty to the Emperor...
Tue Jun 28 17:38:57 2022 - [emperor] vassal bryansapdotcom_uwsgi.ini is now loyal
[pid: 811|app: 0|req: 2/3] 192.168.1.254 () {54 vars in 956 bytes} [Tue Jun 28 18:38:58 2022] GET / => generated 2884 bytes in 22 msecs (HTTP/1.1 200) 6 headers in 240 bytes (2 switches on core 0)
[pid: 812|app: 0|req: 1/4] 192.168.1.254 () {56 vars in 1028 bytes} [Tue Jun 28 18:38:59 2022] GET /recherche/ => generated 6683 bytes in 465 msecs (HTTP/1.1 200) 8 headers in 422 bytes (1 switches on core 0)
announcing my loyalty to the Emperor...
Tue Jun 28 17:39:00 2022 - [emperor] vassal bryansapdotcom_uwsgi.ini is now loyal
[pid: 812|app: 0|req: 2/5] 192.168.1.254 () {56 vars in 1030 bytes} [Tue Jun 28 18:39:00 2022] GET /admin/ => generated 9698 bytes in 360 msecs (HTTP/1.1 200) 9 headers in 366 bytes (2 switches on core 0)
/home/pi/.local/lib/python3.7/site-packages/django/views/generic/list.py:88: UnorderedObjectListWarning: Pagination may yield inconsistent results with an unordered object_list: <class 'website.models.Observation'> QuerySet.
  allow_empty_first_page=allow_empty_first_page, **kwargs)
[pid: 813|app: 0|req: 1/6] 192.168.1.254 () {56 vars in 1042 bytes} [Tue Jun 28 18:39:03 2022] GET /observation/ => generated 5158 bytes in 453 msecs (HTTP/1.1 200) 6 headers in 240 bytes (1 switches on core 0)
announcing my loyalty to the Emperor...
Tue Jun 28 17:39:03 2022 - [emperor] vassal bryansapdotcom_uwsgi.ini is now loyal
[pid: 813|app: 0|req: 2/7] 192.168.1.254 () {56 vars in 1020 bytes} [Tue Jun 28 18:39:48 2022] GET / => generated 2884 bytes in 29 msecs (HTTP/1.1 200) 6 headers in 240 bytes (1 switches on core 0)
[pid: 813|app: 0|req: 3/8] 192.168.1.254 () {52 vars in 875 bytes} [Tue Jun 28 18:41:35 2022] GET / => generated 2884 bytes in 21 msecs (HTTP/1.1 200) 6 headers in 240 bytes (2 switches on core 0)
[pid: 813|app: 0|req: 4/9] 192.168.1.254 () {52 vars in 877 bytes} [Tue Jun 28 18:41:42 2022] GET /observation/ => generated 5158 bytes in 98 msecs (HTTP/1.1 200) 6 headers in 240 bytes (2 switches on core 0)
[pid: 812|app: 0|req: 3/10] 192.168.1.254 () {52 vars in 891 bytes} [Tue Jun 28 18:42:09 2022] GET /observation/2 => generated 3582 bytes in 121 msecs (HTTP/1.1 200) 6 headers in 240 bytes (2 switches on core 0)
[pid: 813|app: 0|req: 5/11] 192.168.1.254 () {52 vars in 890 bytes} [Tue Jun 28 18:42:16 2022] GET /observation/ => generated 5158 bytes in 102 msecs (HTTP/1.1 200) 6 headers in 240 bytes (2 switches on core 0)
[pid: 814|app: 0|req: 1/12] 192.168.1.254 () {52 vars in 885 bytes} [Tue Jun 28 18:42:26 2022] GET /recherche/ => generated 6683 bytes in 443 msecs (HTTP/1.1 200) 8 headers in 422 bytes (2 switches on core 0)
announcing my loyalty to the Emperor...
Tue Jun 28 17:42:26 2022 - [emperor] vassal bryansapdotcom_uwsgi.ini is now loyal
[pid: 814|app: 0|req: 2/13] 192.168.1.254 () {60 vars in 1132 bytes} [Tue Jun 28 18:42:43 2022] POST /recherche/ => generated 4641 bytes in 82 msecs (HTTP/1.1 200) 8 headers in 422 bytes (2 switches on core 0)
[pid: 814|app: 0|req: 3/14] 192.168.1.254 () {60 vars in 1132 bytes} [Tue Jun 28 18:42:57 2022] POST /recherche/ => generated 6692 bytes in 148 msecs (HTTP/1.1 200) 8 headers in 422 bytes (2 switches on core 0)
[pid: 814|app: 0|req: 4/15] 192.168.1.254 () {54 vars in 952 bytes} [Tue Jun 28 18:43:04 2022] GET / => generated 2884 bytes in 28 msecs (HTTP/1.1 200) 6 headers in 240 bytes (2 switches on core 0)
[pid: 813|app: 0|req: 6/16] 54.36.148.210 () {36 vars in 548 bytes} [Tue Jun 28 18:52:03 2022] GET /admin/website/observation/1/change/ => generated 0 bytes in 111 msecs (HTTP/1.1 302) 10 headers in 433 bytes (2 switches on core 0)
*** Starting uWSGI 2.0.20 (32bit) on [Tue Jun 28 18:11:56 2022] ***
compiled with version: 8.3.0 on 06 October 2021 05:59:48
os: Linux-5.10.103-v7+ #1529 SMP Tue Mar 8 12:21:37 GMT 2022
nodename: bryansastrophotodotcom
machine: armv7l
clock source: unix
pcre jit disabled
detected number of CPU cores: 4
current working directory: /home/pi
detected binary path: /home/pi/.local/bin/uwsgi
*** WARNING: you are running uWSGI without its master process manager ***
your processes number limit is 6865
your memory page size is 4096 bytes
detected max file descriptor number: 1024
*** starting uWSGI Emperor ***
*** has_emperor mode detected (fd: 6) ***
[uWSGI] getting INI configuration from bryansapdotcom_uwsgi.ini
*** Starting uWSGI 2.0.20 (32bit) on [Tue Jun 28 18:11:56 2022] ***
compiled with version: 8.3.0 on 06 October 2021 05:59:48
os: Linux-5.10.103-v7+ #1529 SMP Tue Mar 8 12:21:37 GMT 2022
nodename: bryansastrophotodotcom
machine: armv7l
clock source: unix
pcre jit disabled
detected number of CPU cores: 4
current working directory: /etc/uwsgi/vassals
detected binary path: /home/pi/.local/bin/uwsgi
chdir() to /home/pi/bryansapdotcom
your processes number limit is 6865
your memory page size is 4096 bytes
detected max file descriptor number: 1024
lock engine: pthread robust mutexes
thunder lock: disabled (you can enable it with --thunder-lock)
uwsgi socket 0 bound to UNIX address /home/pi/bryansapdotcom/bryansapdotcom.sock fd 3
Python version: 3.7.3 (default, Jan 22 2021, 20:04:44)  [GCC 8.3.0]
*** Python threads support is disabled. You can enable it with --enable-threads ***
Python main interpreter initialized at 0x10b3f40
your server socket listen backlog is limited to 100 connections
your mercy for graceful operations on workers is 60 seconds
mapped 708488 bytes (691 KB) for 10 cores
*** Operational MODE: preforking ***
WSGI app 0 (mountpoint='') ready in 2 seconds on interpreter 0x10b3f40 pid: 989 (default app)
*** uWSGI is running in multiple interpreter mode ***
spawned uWSGI master process (pid: 989)
Tue Jun 28 18:11:58 2022 - [emperor] vassal bryansapdotcom_uwsgi.ini has been spawned
spawned uWSGI worker 1 (pid: 990, cores: 1)
spawned uWSGI worker 2 (pid: 991, cores: 1)
Tue Jun 28 18:11:58 2022 - [emperor] vassal bryansapdotcom_uwsgi.ini is ready to accept requests
spawned uWSGI worker 3 (pid: 992, cores: 1)
spawned uWSGI worker 4 (pid: 993, cores: 1)
spawned uWSGI worker 5 (pid: 994, cores: 1)
spawned uWSGI worker 6 (pid: 995, cores: 1)
spawned uWSGI worker 7 (pid: 996, cores: 1)
spawned uWSGI worker 8 (pid: 997, cores: 1)
spawned uWSGI worker 9 (pid: 998, cores: 1)
spawned uWSGI worker 10 (pid: 999, cores: 1)
